SF:lib/src/combine_singleton.dart
DA:7,1
DA:8,1
DA:11,1
DA:15,3
DA:23,1
DA:29,2
LF:6
LH:6
end_of_record
SF:lib/src/isolate_factory/effective_isolate_factory.dart
DA:6,1
DA:11,1
DA:19,1
DA:20,1
LF:4
LH:4
end_of_record
SF:lib/src/isolate_factory/native_isolate_factory.dart
DA:17,1
DA:24,1
DA:25,2
DA:27,1
DA:28,1
DA:38,2
DA:39,2
DA:41,1
DA:46,1
DA:47,2
DA:49,1
DA:50,1
DA:52,1
DA:53,1
DA:54,1
DA:55,1
DA:60,1
DA:61,1
DA:62,1
DA:63,1
DA:64,2
DA:66,2
DA:68,1
DA:69,1
DA:70,1
DA:73,2
DA:74,1
DA:75,2
DA:80,1
LF:29
LH:29
end_of_record
SF:lib/src/isolate_factory/web_isolate_factory.dart
DA:10,1
DA:19,1
DA:21,1
DA:22,1
DA:23,1
DA:25,1
DA:27,1
DA:30,1
DA:31,1
DA:33,1
DA:34,1
DA:39,1
DA:40,1
DA:42,1
DA:43,1
LF:15
LH:15
end_of_record
SF:lib/src/isolate_context.dart
DA:6,1
LF:1
LH:1
end_of_record
SF:lib/src/isolate_messenger/isolate_messenger.dart
DA:5,1
LF:1
LH:1
end_of_record
SF:lib/src/bindings/isolate_bindings/mock_method_channel_service_binding.dart
DA:4,1
DA:7,2
LF:2
LH:2
end_of_record
SF:lib/src/method_channel_middleware/isolated_method_channel_middleware.dart
DA:13,1
DA:14,1
DA:25,1
DA:27,2
DA:28,3
DA:29,1
DA:30,2
DA:33,1
DA:34,1
DA:37,1
DA:38,1
DA:39,1
DA:41,3
DA:43,1
DA:45,1
DA:46,1
DA:47,1
DA:48,1
DA:55,1
DA:56,2
DA:57,3
DA:62,1
DA:63,2
DA:65,1
DA:69,1
DA:73,1
DA:78,3
DA:81,1
DA:83,1
DA:84,2
DA:85,2
DA:86,3
DA:87,1
DA:90,1
DA:92,2
LF:35
LH:35
end_of_record
SF:lib/src/combine_isolate/native_combine_isolate.dart
DA:8,1
DA:16,1
DA:18,2
DA:19,2
LF:4
LH:4
end_of_record
SF:lib/src/combine_isolate/web_combine_isolate.dart
DA:6,1
DA:15,1
DA:17,2
DA:18,2
LF:4
LH:4
end_of_record
SF:lib/src/isolate_events.dart
DA:6,1
DA:12,1
DA:22,1
DA:31,1
DA:41,1
LF:5
LH:5
end_of_record
SF:lib/src/isolate_messenger/internal_isolate_messenger/native_internal_isolate_messenger.dart
DA:6,1
DA:13,1
DA:15,2
LF:3
LH:3
end_of_record
SF:lib/src/method_channel_middleware/ui_method_channel_middleware.dart
DA:13,1
DA:16,1
DA:29,1
DA:31,1
DA:32,3
DA:33,3
DA:34,1
DA:35,2
DA:39,1
DA:40,3
DA:41,1
DA:44,1
DA:45,1
DA:46,1
DA:48,4
DA:50,1
DA:52,3
DA:59,1
DA:60,2
DA:62,1
DA:66,1
DA:70,1
DA:71,2
DA:72,1
DA:75,3
DA:76,3
DA:79,1
DA:80,3
DA:83,1
DA:84,2
DA:85,1
DA:88,1
DA:89,3
DA:90,1
DA:91,2
DA:92,2
DA:93,3
DA:95,1
DA:99,1
DA:100,2
DA:101,2
LF:41
LH:41
end_of_record
SF:lib/src/isolate_messenger/internal_isolate_messenger/web_internal_isolate_messenger.dart
DA:4,1
DA:11,1
DA:13,2
LF:3
LH:3
end_of_record
SF:lib/src/isolate_messenger/internal_isolate_messenger/internal_isolate_messenger.dart
DA:5,1
DA:13,2
LF:2
LH:2
end_of_record
SF:lib/src/isolate_messenger/isolate_messenger_from_internal.dart
DA:6,1
DA:10,1
DA:11,2
DA:12,3
DA:14,1
DA:16,2
LF:6
LH:6
end_of_record
