SF:lib/src/combine_worker/tasks.dart
DA:4,2
DA:10,2
DA:14,1
DA:15,2
DA:19,2
DA:24,1
DA:25,3
DA:29,2
DA:39,1
DA:40,4
DA:44,1
DA:51,1
DA:57,1
DA:61,1
DA:63,1
DA:64,2
DA:70,1
DA:75,1
DA:77,1
DA:78,3
LF:20
LH:20
end_of_record
SF:lib/src/combine_worker/combine_worker_manager.dart
DA:7,1
LF:1
LH:1
end_of_record
SF:lib/src/combine_info.dart
DA:5,2
LF:1
LH:1
end_of_record
SF:lib/src/combine_singleton.dart
DA:15,4
DA:16,2
DA:20,6
DA:70,2
DA:76,4
LF:5
LH:5
end_of_record
SF:lib/src/combine_worker/combine_worker_impl.dart
DA:8,2
DA:9,4
DA:15,1
DA:21,2
DA:25,2
DA:30,2
DA:34,1
DA:35,3
DA:39,2
DA:43,2
DA:45,6
DA:49,2
DA:51,6
DA:55,2
DA:61,4
DA:62,2
DA:67,1
DA:69,2
DA:73,1
DA:74,1
DA:79,2
DA:80,2
DA:81,6
LF:23
LH:23
end_of_record
SF:lib/src/combine_worker/effective_worker_factory.dart
DA:6,2
DA:11,1
DA:18,2
DA:19,1
DA:22,1
DA:27,1
DA:34,1
LF:7
LH:7
end_of_record
SF:lib/src/combine_worker/native_worker_manager.dart
DA:10,1
DA:23,1
DA:26,3
DA:29,1
DA:30,1
DA:31,3
DA:32,1
DA:33,1
DA:34,1
DA:35,2
DA:38,2
DA:41,1
DA:42,2
DA:43,1
DA:46,1
DA:48,2
DA:50,1
DA:51,3
DA:52,1
DA:53,1
DA:54,1
DA:62,1
DA:63,1
DA:64,3
DA:65,2
DA:66,1
DA:67,3
DA:68,2
DA:71,1
DA:72,1
DA:75,1
DA:78,2
DA:80,2
DA:84,1
DA:87,1
DA:88,2
DA:90,2
DA:91,3
DA:95,2
DA:96,1
DA:102,1
DA:103,2
DA:104,2
DA:106,3
DA:107,2
LF:45
LH:45
end_of_record
SF:lib/src/combine_worker/web_worker_manager.dart
DA:7,1
DA:10,1
DA:13,1
DA:16,1
LF:4
LH:4
end_of_record
SF:lib/src/combine_worker/worker_manager_factory/native_worker_manager_factory.dart
DA:12,1
DA:17,1
DA:19,1
DA:23,1
DA:25,1
DA:29,1
DA:30,2
LF:7
LH:7
end_of_record
SF:lib/src/combine_worker/worker_manager_factory/web_worker_manager_factory.dart
DA:7,1
DA:12,1
LF:2
LH:2
end_of_record
SF:lib/src/combine_worker_singleton.dart
DA:25,2
DA:28,2
DA:30,3
DA:101,1
LF:4
LH:4
end_of_record
SF:lib/src/isolate_context.dart
DA:7,2
LF:1
LH:1
end_of_record
SF:lib/src/isolate_factory/effective_isolate_factory.dart
DA:6,1
DA:11,1
DA:19,2
DA:20,2
LF:4
LH:4
end_of_record
SF:lib/src/isolate_factory/native_isolate_factory.dart
DA:17,2
DA:25,2
DA:26,2
DA:28,2
DA:29,2
DA:38,4
DA:39,2
DA:41,2
DA:46,2
DA:47,4
DA:49,2
DA:50,2
DA:51,2
DA:53,2
DA:54,2
DA:55,2
DA:58,2
DA:62,2
DA:63,2
DA:64,2
DA:65,2
DA:66,4
DA:68,4
DA:70,2
DA:71,2
DA:72,2
DA:73,4
DA:76,4
DA:77,2
DA:78,4
DA:83,2
LF:31
LH:31
end_of_record
SF:lib/src/isolate_factory/web_isolate_factory.dart
DA:10,1
DA:20,1
DA:22,1
DA:23,2
DA:24,2
DA:26,1
DA:28,1
DA:31,1
DA:32,1
DA:34,1
DA:35,1
DA:37,1
DA:40,2
DA:41,1
DA:44,1
DA:45,2
DA:46,1
DA:47,1
DA:48,1
DA:50,1
LF:20
LH:20
end_of_record
SF:lib/src/isolate_messenger/isolate_messenger.dart
DA:5,2
LF:1
LH:1
end_of_record
SF:lib/src/bindings/isolate_bindings/mock_method_channel_service_binding.dart
DA:4,2
DA:7,4
LF:2
LH:2
end_of_record
SF:lib/src/method_channel_middleware/isolated_method_channel_middleware.dart
DA:13,2
DA:14,2
DA:25,2
DA:27,4
DA:28,6
DA:29,2
DA:30,4
DA:33,2
DA:34,2
DA:37,1
DA:38,1
DA:39,1
DA:41,3
DA:43,1
DA:45,1
DA:46,1
DA:47,1
DA:48,1
DA:55,1
DA:56,2
DA:57,3
DA:62,1
DA:63,2
DA:65,1
DA:69,1
DA:72,1
DA:78,2
DA:81,1
DA:83,1
DA:84,2
DA:85,2
DA:86,3
DA:87,1
DA:90,2
DA:92,4
LF:35
LH:35
end_of_record
SF:lib/src/combine_isolate/native_combine_isolate.dart
DA:7,2
DA:12,2
DA:14,4
DA:15,4
LF:4
LH:4
end_of_record
SF:lib/src/combine_isolate/web_combine_isolate.dart
DA:5,1
DA:9,1
DA:11,2
LF:3
LH:3
end_of_record
SF:lib/src/combine_worker/combine_task_executor.dart
DA:14,1
DA:19,1
DA:20,1
DA:29,5
DA:30,3
DA:32,1
DA:36,2
DA:40,1
DA:44,1
DA:45,3
DA:46,2
DA:47,3
DA:48,1
DA:49,3
DA:50,2
DA:55,1
DA:56,3
DA:57,2
DA:58,2
DA:62,1
DA:63,2
DA:64,4
DA:65,3
DA:66,4
DA:68,3
DA:71,1
DA:72,1
DA:73,3
DA:74,1
DA:77,3
DA:79,1
DA:81,3
DA:88,1
DA:95,1
LF:34
LH:34
end_of_record
SF:lib/src/id_generator.dart/id_generator.dart
DA:5,6
LF:1
LH:1
end_of_record
SF:lib/src/isolate_events.dart
DA:6,1
DA:12,1
DA:22,1
DA:31,1
DA:41,1
LF:5
LH:5
end_of_record
SF:lib/src/isolate_messenger/internal_isolate_messenger/native_internal_isolate_messenger.dart
DA:6,2
DA:13,2
DA:15,2
DA:16,1
DA:18,4
LF:5
LH:5
end_of_record
SF:lib/src/method_channel_middleware/ui_method_channel_middleware.dart
DA:12,2
DA:15,2
DA:28,2
DA:30,2
DA:31,6
DA:32,6
DA:33,2
DA:34,4
DA:38,2
DA:39,4
DA:40,2
DA:43,1
DA:44,1
DA:45,1
DA:47,4
DA:49,1
DA:51,3
DA:58,1
DA:59,2
DA:61,1
DA:65,1
DA:69,1
DA:70,2
DA:71,1
DA:74,2
DA:75,3
DA:78,2
DA:79,6
DA:82,1
DA:83,2
DA:84,1
DA:87,1
DA:88,3
DA:89,1
DA:90,2
DA:91,2
DA:92,3
DA:94,1
DA:98,2
DA:99,3
DA:100,2
LF:41
LH:41
end_of_record
SF:lib/src/isolate_messenger/internal_isolate_messenger/web_internal_isolate_messenger.dart
DA:4,1
DA:11,1
DA:13,1
DA:14,1
DA:16,2
LF:5
LH:5
end_of_record
SF:lib/src/isolate_messenger/internal_isolate_messenger/internal_isolate_messenger.dart
DA:11,4
DA:16,4
DA:18,4
LF:3
LH:3
end_of_record
SF:lib/src/isolate_messenger/isolate_messenger_from_internal.dart
DA:6,2
DA:10,2
DA:11,4
DA:12,6
DA:14,2
DA:16,4
LF:6
LH:6
end_of_record
